{
  "RSpec": {
    "coverage": {
      "/home/surveytech/week10/Rocket_Elevators-TDD/lib/rails_admin/gmap.rb": {
        "lines": [
          1,
          1,
          null,
          1,
          1,
          1,
          1,
          1,
          null,
          1,
          2,
          null,
          null,
          1,
          0,
          null,
          null,
          1,
          0,
          null,
          null,
          null,
          null,
          null,
          null,
          1,
          0,
          null,
          null,
          1,
          0,
          0,
          null,
          null,
          null,
          1,
          0,
          null,
          null,
          1,
          0,
          null,
          null,
          null,
          1,
          0,
          null,
          null,
          null,
          null,
          null,
          null,
          null,
          null,
          null,
          null,
          null,
          null,
          null,
          null,
          0,
          0,
          null,
          null,
          null,
          null,
          null,
          null,
          null,
          null,
          null,
          null,
          null,
          null,
          null,
          null,
          null,
          null,
          null,
          null,
          null,
          null,
          null,
          null,
          null,
          null,
          null,
          null,
          null,
          null,
          null,
          null,
          null,
          null,
          null,
          null,
          0,
          0,
          null,
          0,
          0,
          null,
          0,
          null,
          null,
          0,
          0,
          0,
          0,
          null,
          null,
          0,
          0,
          0,
          null,
          null,
          0,
          null,
          null,
          null,
          null,
          null,
          null,
          null,
          null,
          null,
          null,
          null,
          null,
          1,
          null,
          0,
          null,
          null,
          null,
          null,
          null,
          null,
          null,
          null,
          null,
          null,
          null,
          null,
          null,
          null,
          null,
          null,
          null,
          null,
          null,
          null,
          null,
          null,
          null,
          null,
          null,
          null,
          null,
          null,
          null,
          null,
          null,
          null,
          null,
          null,
          0,
          0,
          null,
          0,
          0,
          null,
          null,
          null,
          null,
          null,
          null,
          null,
          null,
          null
        ]
      },
      "/home/surveytech/week10/Rocket_Elevators-TDD/app/models/user.rb": {
        "lines": [
          1,
          null,
          null,
          1,
          null,
          1,
          null
        ]
      },
      "/home/surveytech/week10/Rocket_Elevators-TDD/app/models/application_record.rb": {
        "lines": [
          1,
          1,
          null
        ]
      },
      "/home/surveytech/week10/Rocket_Elevators-TDD/app/helpers/application_helper.rb": {
        "lines": [
          1,
          null
        ]
      },
      "/home/surveytech/week10/Rocket_Elevators-TDD/app/helpers/backoffice_helper.rb": {
        "lines": [
          1,
          null
        ]
      },
      "/home/surveytech/week10/Rocket_Elevators-TDD/app/helpers/charts_helper.rb": {
        "lines": [
          1,
          null
        ]
      },
      "/home/surveytech/week10/Rocket_Elevators-TDD/app/helpers/customer_helper.rb": {
        "lines": [
          1,
          null
        ]
      },
      "/home/surveytech/week10/Rocket_Elevators-TDD/app/helpers/home_helper.rb": {
        "lines": [
          1,
          null
        ]
      },
      "/home/surveytech/week10/Rocket_Elevators-TDD/app/helpers/interventions_helper.rb": {
        "lines": [
          1,
          null
        ]
      },
      "/home/surveytech/week10/Rocket_Elevators-TDD/app/helpers/leads_helper.rb": {
        "lines": [
          1,
          null
        ]
      },
      "/home/surveytech/week10/Rocket_Elevators-TDD/app/helpers/pages_helper.rb": {
        "lines": [
          1,
          null
        ]
      },
      "/home/surveytech/week10/Rocket_Elevators-TDD/app/helpers/quotes_helper.rb": {
        "lines": [
          1,
          null
        ]
      },
      "/home/surveytech/week10/Rocket_Elevators-TDD/app/helpers/rails_admin_helper.rb": {
        "lines": [
          1,
          null
        ]
      },
      "/home/surveytech/week10/Rocket_Elevators-TDD/app/controllers/application_controller.rb": {
        "lines": [
          1,
          1,
          1,
          1,
          null,
          1,
          null,
          1,
          0,
          null,
          null,
          null
        ]
      },
      "/home/surveytech/week10/Rocket_Elevators-TDD/app/controllers/interventions_controller.rb": {
        "lines": [
          1,
          1,
          1,
          null,
          null,
          null,
          null,
          1,
          0,
          null,
          null,
          null,
          1,
          null,
          null,
          null,
          1,
          0,
          null,
          null,
          null,
          1,
          null,
          null,
          null,
          1,
          0,
          0,
          0,
          0,
          null,
          null,
          null,
          null,
          1,
          0,
          0,
          0,
          0,
          null,
          null,
          null,
          null,
          1,
          0,
          0,
          0,
          0,
          0,
          null,
          null,
          null,
          1,
          0,
          0,
          0,
          0,
          null,
          null,
          null,
          1,
          null,
          null,
          null,
          null,
          null,
          0,
          0,
          0,
          0,
          null,
          0,
          null,
          null,
          null,
          null,
          null,
          null,
          null,
          null,
          null,
          null,
          null,
          null,
          null,
          null,
          null,
          null,
          null,
          null,
          null,
          1,
          0,
          null,
          0,
          0,
          0,
          0,
          0,
          0,
          0,
          0,
          0,
          0,
          0,
          null,
          0,
          0,
          0,
          0,
          0,
          null,
          null,
          null,
          0,
          null,
          null,
          0,
          0,
          null,
          0,
          null,
          null,
          null,
          null,
          null,
          null,
          null,
          1,
          0,
          0,
          0,
          0,
          null,
          0,
          0,
          null,
          null,
          null,
          null,
          null,
          1,
          0,
          0,
          0,
          0,
          null,
          null,
          null,
          1,
          null,
          1,
          0,
          null,
          null,
          null,
          1,
          0,
          null,
          null
        ]
      },
      "/home/surveytech/week10/Rocket_Elevators-TDD/app/models/intervention.rb": {
        "lines": [
          1,
          1,
          1,
          1,
          1,
          1,
          1,
          null,
          1,
          null
        ]
      },
      "/home/surveytech/week10/Rocket_Elevators-TDD/app/controllers/leads_controller.rb": {
        "lines": [
          1,
          null,
          1,
          null,
          null,
          null,
          null,
          null,
          null,
          null,
          null,
          1,
          0,
          null,
          null,
          1,
          0,
          0,
          0,
          0,
          0,
          null,
          0,
          0,
          null,
          null,
          0,
          0,
          null,
          null,
          null,
          0,
          null,
          0,
          null,
          0,
          0,
          0,
          0,
          null,
          null,
          0,
          null,
          null,
          null,
          null,
          null,
          null,
          null,
          null,
          null,
          null,
          null,
          null,
          null,
          null,
          null,
          null,
          null,
          null,
          null,
          null,
          null,
          null,
          null,
          null,
          null,
          null,
          null,
          null,
          null,
          null,
          null,
          null,
          null,
          null,
          null,
          null,
          null,
          null,
          null,
          null,
          null,
          null,
          null,
          null,
          null,
          null,
          null,
          null,
          null,
          null,
          null,
          null,
          null,
          null,
          null,
          null,
          null,
          null,
          null,
          null,
          null,
          null,
          null,
          null,
          null,
          null,
          null,
          null,
          null,
          null,
          null,
          null,
          null,
          null,
          null,
          null,
          null,
          1,
          0,
          null,
          null,
          null
        ]
      },
      "/home/surveytech/week10/Rocket_Elevators-TDD/app/models/lead.rb": {
        "lines": [
          1,
          null,
          null,
          null
        ]
      },
      "/home/surveytech/week10/Rocket_Elevators-TDD/lib/elevator_media/streamer.rb": {
        "lines": [
          1,
          1,
          1,
          1,
          1,
          1,
          null,
          1,
          null,
          1,
          null,
          1,
          6,
          6,
          null,
          null,
          1,
          4,
          2,
          null,
          2,
          null,
          null,
          null,
          1,
          null,
          2,
          null,
          2,
          2,
          2,
          null,
          2,
          2,
          2,
          null,
          2,
          null,
          null,
          2,
          2,
          null,
          null,
          1,
          2,
          null,
          2,
          2,
          2,
          null,
          2,
          2,
          2,
          null,
          2,
          2,
          2,
          2,
          2,
          null,
          2,
          null,
          null,
          null,
          null,
          null,
          null,
          null,
          null
        ]
      },
      "/home/surveytech/week10/Rocket_Elevators-TDD/app/controllers/home_controller.rb": {
        "lines": [
          1,
          1,
          null,
          null
        ]
      },
      "/home/surveytech/week10/Rocket_Elevators-TDD/app/channels/application_cable/channel.rb": {
        "lines": [
          0,
          0,
          0,
          0
        ],
        "branches": {
        }
      },
      "/home/surveytech/week10/Rocket_Elevators-TDD/app/channels/application_cable/connection.rb": {
        "lines": [
          0,
          0,
          0,
          0
        ],
        "branches": {
        }
      },
      "/home/surveytech/week10/Rocket_Elevators-TDD/app/jobs/application_job.rb": {
        "lines": [
          0,
          0
        ],
        "branches": {
        }
      },
      "/home/surveytech/week10/Rocket_Elevators-TDD/app/controllers/yahoo_finance_controller.rb": {
        "lines": [
          0,
          0,
          0,
          null,
          0,
          null,
          0,
          0,
          null,
          0,
          0,
          0,
          null,
          0,
          0,
          0,
          null,
          0,
          0,
          0,
          null,
          0
        ],
        "branches": {
        }
      },
      "/home/surveytech/week10/Rocket_Elevators-TDD/app/controllers/customer_controller.rb": {
        "lines": [
          0,
          null,
          0
        ],
        "branches": {
        }
      },
      "/home/surveytech/week10/Rocket_Elevators-TDD/app/controllers/speak_controller.rb": {
        "lines": [
          0,
          0,
          0,
          0,
          null,
          null,
          null,
          null,
          null,
          null,
          null,
          null,
          null,
          null,
          null,
          null,
          null,
          null,
          null,
          null,
          null,
          null,
          null,
          null,
          null,
          null,
          null,
          0,
          null,
          null,
          null
        ],
        "branches": {
        }
      },
      "/home/surveytech/week10/Rocket_Elevators-TDD/app/controllers/quotes_controller.rb": {
        "lines": [
          0,
          0,
          0,
          0,
          null,
          0,
          0,
          null,
          0,
          null,
          0,
          0,
          0,
          0,
          0,
          null,
          null,
          null,
          null,
          null,
          null,
          null,
          null,
          null,
          null,
          null,
          0,
          0,
          0,
          0,
          0,
          0,
          0
        ],
        "branches": {
        }
      },
      "/home/surveytech/week10/Rocket_Elevators-TDD/app/controllers/pages_controller.rb": {
        "lines": [
          0,
          0,
          0,
          0,
          0,
          0,
          0,
          0,
          0,
          0,
          0,
          0,
          null
        ],
        "branches": {
        }
      },
      "/home/surveytech/week10/Rocket_Elevators-TDD/app/controllers/charts_controller.rb": {
        "lines": [
          0,
          0,
          null,
          0,
          0,
          null,
          0,
          null,
          0,
          null,
          0,
          0,
          0,
          0,
          0,
          0,
          null,
          0,
          0,
          0,
          0,
          0,
          0,
          null,
          0,
          null,
          0,
          0,
          0,
          0,
          0,
          0,
          0,
          0,
          0,
          0,
          0,
          0,
          null,
          0,
          0,
          0,
          0,
          null,
          null,
          null,
          null
        ],
        "branches": {
        }
      },
      "/home/surveytech/week10/Rocket_Elevators-TDD/app/models/quote.rb": {
        "lines": [
          0,
          0,
          null,
          0,
          0,
          0,
          0,
          0,
          0,
          0,
          0,
          0,
          0,
          null,
          0,
          0,
          null,
          0,
          0,
          0,
          null,
          0,
          0,
          null,
          0,
          0,
          0,
          0,
          0
        ],
        "branches": {
        }
      },
      "/home/surveytech/week10/Rocket_Elevators-TDD/app/models/elevator.rb": {
        "lines": [
          0,
          null,
          0,
          0,
          0,
          0,
          null,
          0,
          null,
          0,
          0,
          0,
          0,
          0,
          0,
          0,
          0,
          0,
          0,
          0,
          0,
          0,
          0,
          0,
          0,
          0,
          0,
          0
        ],
        "branches": {
        }
      },
      "/home/surveytech/week10/Rocket_Elevators-TDD/app/models/dwh_record.rb": {
        "lines": [
          0,
          0,
          0,
          0
        ],
        "branches": {
        }
      },
      "/home/surveytech/week10/Rocket_Elevators-TDD/app/models/dim_customers.rb": {
        "lines": [
          0,
          0
        ],
        "branches": {
        }
      },
      "/home/surveytech/week10/Rocket_Elevators-TDD/app/models/fact_intervention.rb": {
        "lines": [
          0,
          0
        ],
        "branches": {
        }
      },
      "/home/surveytech/week10/Rocket_Elevators-TDD/app/models/address.rb": {
        "lines": [
          0,
          0,
          0,
          0
        ],
        "branches": {
        }
      },
      "/home/surveytech/week10/Rocket_Elevators-TDD/app/models/fact_contact.rb": {
        "lines": [
          0,
          0
        ],
        "branches": {
        }
      },
      "/home/surveytech/week10/Rocket_Elevators-TDD/app/models/building.rb": {
        "lines": [
          0,
          0,
          0,
          0,
          0,
          0,
          0
        ],
        "branches": {
        }
      },
      "/home/surveytech/week10/Rocket_Elevators-TDD/app/models/fact_quotes.rb": {
        "lines": [
          0,
          0
        ],
        "branches": {
        }
      },
      "/home/surveytech/week10/Rocket_Elevators-TDD/app/models/battery.rb": {
        "lines": [
          0,
          0,
          0,
          0,
          0
        ],
        "branches": {
        }
      },
      "/home/surveytech/week10/Rocket_Elevators-TDD/app/models/customer.rb": {
        "lines": [
          0,
          0,
          0,
          0,
          null,
          0,
          null,
          null,
          null,
          null,
          null,
          null,
          null,
          null,
          null,
          null,
          null,
          null,
          null,
          null,
          null,
          null,
          null,
          null,
          null,
          null,
          null,
          null,
          null,
          null,
          null,
          null,
          null,
          null,
          null,
          null,
          null,
          null,
          null,
          null,
          null,
          0
        ],
        "branches": {
        }
      },
      "/home/surveytech/week10/Rocket_Elevators-TDD/app/models/building_detail.rb": {
        "lines": [
          0,
          0,
          0
        ],
        "branches": {
        }
      },
      "/home/surveytech/week10/Rocket_Elevators-TDD/app/models/column.rb": {
        "lines": [
          0,
          0,
          0,
          0,
          0
        ],
        "branches": {
        }
      },
      "/home/surveytech/week10/Rocket_Elevators-TDD/app/models/fact_elevator.rb": {
        "lines": [
          0,
          0
        ],
        "branches": {
        }
      },
      "/home/surveytech/week10/Rocket_Elevators-TDD/app/models/employee.rb": {
        "lines": [
          0,
          0,
          0,
          0,
          0,
          0,
          0,
          0
        ],
        "branches": {
        }
      },
      "/home/surveytech/week10/Rocket_Elevators-TDD/app/mailers/application_mailer.rb": {
        "lines": [
          0,
          0,
          0,
          0
        ],
        "branches": {
        }
      },
      "/home/surveytech/week10/Rocket_Elevators-TDD/lib/pg/seed_pg.rb": {
        "lines": [
          null,
          null,
          null,
          null,
          null,
          null,
          null,
          null,
          null,
          null,
          null,
          null,
          null,
          null,
          null,
          null,
          null,
          null,
          null,
          null,
          null,
          null,
          null,
          null,
          null,
          null,
          null,
          null,
          null,
          null,
          null,
          null,
          null,
          null,
          null,
          null,
          null,
          null,
          null,
          null,
          null,
          null
        ],
        "branches": {
        }
      }
    },
    "timestamp": 1617326939
  }
}
